### Start Tue Jan  9 17:11:07 2018
# /opt/oracle/developerstudio12.5/bin/../bin/er_archive -n -O /zhome/aa/1/114117/ricky/hpc/week2/exercises/mandelbrot/collector.735739.er/er_archive.log /zhome/aa/1/114117/ricky/hpc/week2/exercises/mandelbrot/collector.735739.er
Copying `/zhome/aa/1/114117/ricky/hpc/week2/exercises/mandelbrot/mandelbrot'
  to `/zhome/aa/1/114117/ricky/hpc/week2/exercises/mandelbrot/collector.735739.er/archives/mandelbrot_EHnjNSWj8R8'
Copying `/usr/lib64/libz.so.1.2.7'
  to `/zhome/aa/1/114117/ricky/hpc/week2/exercises/mandelbrot/collector.735739.er/archives/libz.so.1.2.7_OCEC1bthLm2'
Copying `/usr/lib64/librt-2.17.so'
  to `/zhome/aa/1/114117/ricky/hpc/week2/exercises/mandelbrot/collector.735739.er/archives/librt-2.17.so_OCEC1bthLm2'
Copying `/usr/lib64/libdl-2.17.so'
  to `/zhome/aa/1/114117/ricky/hpc/week2/exercises/mandelbrot/collector.735739.er/archives/libdl-2.17.so_OCEC1bthLm2'
Copying `/opt/oracle/developerstudio12.5/lib/compilers/rtlibs/usr/lib/amd64/libmtsk_crt.so.1'
  to `/zhome/aa/1/114117/ricky/hpc/week2/exercises/mandelbrot/collector.735739.er/archives/libmtsk_crt.so.1_cGtdgG9tGAc'
Copying `/opt/oracle/developerstudio12.5/lib/compilers/atomic/amd64/libstatomic.so.1'
  to `/zhome/aa/1/114117/ricky/hpc/week2/exercises/mandelbrot/collector.735739.er/archives/libstatomic.so.1_7qGJJmY-8R5'
Copying `/usr/lib64/libc-2.17.so'
  to `/zhome/aa/1/114117/ricky/hpc/week2/exercises/mandelbrot/collector.735739.er/archives/libc-2.17.so_OCEC1bthLm2'
Copying `/usr/lib64/libm-2.17.so'
  to `/zhome/aa/1/114117/ricky/hpc/week2/exercises/mandelbrot/collector.735739.er/archives/libm-2.17.so_OCEC1bthLm2'
Copying `/usr/lib64/libpthread-2.17.so'
  to `/zhome/aa/1/114117/ricky/hpc/week2/exercises/mandelbrot/collector.735739.er/archives/libpthread-2.17.so_OCEC1bthLm2'
Copying `/opt/oracle/developerstudio12.5/lib/compilers/rtlibs/usr/lib/amd64/libmtsk.so.1'
  to `/zhome/aa/1/114117/ricky/hpc/week2/exercises/mandelbrot/collector.735739.er/archives/libmtsk.so.1_cGtdgG9tGAc'
Copying `/opt/oracle/developerstudio12.5/lib/compilers/rtlibs/usr/lib/amd64/libCrunG3.so.1'
  to `/zhome/aa/1/114117/ricky/hpc/week2/exercises/mandelbrot/collector.735739.er/archives/libCrunG3.so.1_cGtdgG9tGAc'
Copying `/opt/oracle/developerstudio12.5/lib/compilers/CC-gcc/lib/amd64/libgcc_s.so.1'
  to `/zhome/aa/1/114117/ricky/hpc/week2/exercises/mandelbrot/collector.735739.er/archives/libgcc_s.so.1_z1PdctQDUC6'
Copying `/opt/oracle/developerstudio12.5/lib/compilers/CC-gcc/lib/amd64/libstdc++.so.6.0.21'
  to `/zhome/aa/1/114117/ricky/hpc/week2/exercises/mandelbrot/collector.735739.er/archives/libstdc++.so.6.0.21_z1PdctQDUC6'
Copying `/usr/lib64/libpng15.so.15.13.0'
  to `/zhome/aa/1/114117/ricky/hpc/week2/exercises/mandelbrot/collector.735739.er/archives/libpng15.so.15.13.0_OCEC1bthLm2'
Copying `/opt/oracle/developerstudio12.5/lib/analyzer/amd64/runtime/libcollector.so'
  to `/zhome/aa/1/114117/ricky/hpc/week2/exercises/mandelbrot/collector.735739.er/archives/libcollector.so_-C1_XAIanQd'
Copying `/usr/lib64/ld-2.17.so'
  to `/zhome/aa/1/114117/ricky/hpc/week2/exercises/mandelbrot/collector.735739.er/archives/ld-2.17.so_OCEC1bthLm2'
