1.470919
1.122625
1.060249
1.010413
0.634808
0.732809
0.629840
0.554087
0.519843
0.442760
0.435872
0.402333
0.358677
0.358658
0.314432
0.313308
0.511673
0.286237
0.283090
0.299949

------------------------------------------------------------
Sender: LSF System <lsfadmin@n-62-21-97>
Subject: Job 735700: <speedup> in cluster <dcc> Done

Job <speedup> was submitted from host <hpclogin3> by user <s161155> in cluster <dcc> at Tue Jan  9 16:20:23 2018.
Job was executed on host(s) <20*n-62-21-97>, in queue <hpcintro>, as user <s161155> in cluster <dcc> at Tue Jan  9 16:20:24 2018.
</zhome/aa/1/114117> was used as the home directory.
</zhome/aa/1/114117/ricky/hpc/week2/exercises/mandelbrot> was used as the working directory.
Started at Tue Jan  9 16:20:24 2018.
Terminated at Tue Jan  9 16:21:02 2018.
Results reported at Tue Jan  9 16:21:02 2018.

Your job looked like:

------------------------------------------------------------
# LSBATCH: User input
#BSUB -J speedup
#BSUB -o speedup_%J.out
#BSUB -e speedup_%J.err
#BSUB -q hpcintro
#BSUB -n 20
#BSUB -W 15

### -- Ask for number of hosts (nodes) --
#BSUB -R "span[hosts=1]"

### -- Specify memory usage --
#BSUB -R "rusage[mem=512MB]"

module load studio

# define the executable here
#
EXECUTABLE=mandelbrot

# keep idle threads spinning (needed to monitor idle times!)
export OMP_WAIT_POLICY=active

# set max number of threads to loop for
MAX_THREADS=$LSB_DJOB_NUMPROC
for i in `seq 1 $MAX_THREADS`
do
    # set number of threads for current execution
    export OMP_NUM_THREADS=$i
    ./$EXECUTABLE
done
------------------------------------------------------------

Successfully completed.

Resource usage summary:

    CPU time :                                   352.60 sec.
    Max Memory :                                 70 MB
    Average Memory :                             69.50 MB
    Total Requested Memory :                     10240.00 MB
    Delta Memory :                               10170.00 MB
    Max Swap :                                   -
    Max Processes :                              4
    Max Threads :                                21
    Run time :                                   63 sec.
    Turnaround time :                            39 sec.

The output (if any) is above this job summary.



PS:

Read file <speedup_735700.err> for stderr output of this job.

